bin\Win32\libpxcclr.ilk
bin\Win32\libpxcclr.pdb
D:\INTEL\PCSDK\FRAMEWORK\CSHARP\LIBPXCCLR\BIN\WIN32\LIBPXCCLR.DLL
D:\INTEL\PCSDK\FRAMEWORK\CSHARP\LIBPXCCLR\BIN\WIN32\LIBPXCCLR.ILK
D:\INTEL\PCSDK\FRAMEWORK\CSHARP\LIBPXCCLR\BIN\WIN32\LIBPXCCLR.PDB
D:\INTEL\PCSDK\FRAMEWORK\CSHARP\LIBPXCCLR\BUILD\WIN32_DEBUG\LIBPXCCLR\.NETFRAMEWORK,VERSION=V4.0.ASSEMBLYATTRIBUTES.OBJ
D:\INTEL\PCSDK\FRAMEWORK\CSHARP\LIBPXCCLR\BUILD\WIN32_DEBUG\LIBPXCCLR\ASSEMBLYINFO.OBJ
D:\Intel\PCSDK\framework\CSharp\libpxcclr\build\Win32_Debug\libpxcclr\cl.command.1.tlog
D:\Intel\PCSDK\framework\CSharp\libpxcclr\build\Win32_Debug\libpxcclr\CL.read.1.tlog
D:\Intel\PCSDK\framework\CSharp\libpxcclr\build\Win32_Debug\libpxcclr\CL.write.1.tlog
D:\INTEL\PCSDK\FRAMEWORK\CSHARP\LIBPXCCLR\BUILD\WIN32_DEBUG\LIBPXCCLR\LIBPXC.OBJ
D:\INTEL\PCSDK\FRAMEWORK\CSHARP\LIBPXCCLR\BUILD\WIN32_DEBUG\LIBPXCCLR\LIBPXCCLR.DLL.INTERMEDIATE.MANIFEST
D:\INTEL\PCSDK\FRAMEWORK\CSHARP\LIBPXCCLR\BUILD\WIN32_DEBUG\LIBPXCCLR\LIBPXCCLR.RES
D:\Intel\PCSDK\framework\CSharp\libpxcclr\build\Win32_Debug\libpxcclr\libpxcclr.write.1.tlog
D:\Intel\PCSDK\framework\CSharp\libpxcclr\build\Win32_Debug\libpxcclr\libpxcclr_vs2010.vcxprojResolveAssemblyReference.cache
D:\Intel\PCSDK\framework\CSharp\libpxcclr\build\Win32_Debug\libpxcclr\link.5096.read.1.tlog
D:\Intel\PCSDK\framework\CSharp\libpxcclr\build\Win32_Debug\libpxcclr\link.5096.write.1.tlog
D:\Intel\PCSDK\framework\CSharp\libpxcclr\build\Win32_Debug\libpxcclr\link.5096-cvtres.read.1.tlog
D:\Intel\PCSDK\framework\CSharp\libpxcclr\build\Win32_Debug\libpxcclr\link.5096-cvtres.write.1.tlog
D:\Intel\PCSDK\framework\CSharp\libpxcclr\build\Win32_Debug\libpxcclr\link.command.1.tlog
D:\Intel\PCSDK\framework\CSharp\libpxcclr\build\Win32_Debug\libpxcclr\link.read.1.tlog
D:\Intel\PCSDK\framework\CSharp\libpxcclr\build\Win32_Debug\libpxcclr\link.write.1.tlog
D:\Intel\PCSDK\framework\CSharp\libpxcclr\build\Win32_Debug\libpxcclr\metagen.read.1.tlog
D:\Intel\PCSDK\framework\CSharp\libpxcclr\build\Win32_Debug\libpxcclr\metagen.write.1.tlog
D:\Intel\PCSDK\framework\CSharp\libpxcclr\build\Win32_Debug\libpxcclr\mt.command.1.tlog
D:\Intel\PCSDK\framework\CSharp\libpxcclr\build\Win32_Debug\libpxcclr\mt.read.1.tlog
D:\Intel\PCSDK\framework\CSharp\libpxcclr\build\Win32_Debug\libpxcclr\mt.write.1.tlog
D:\INTEL\PCSDK\FRAMEWORK\CSHARP\LIBPXCCLR\BUILD\WIN32_DEBUG\LIBPXCCLR\PXCMACCELERATOR.OBJ
D:\INTEL\PCSDK\FRAMEWORK\CSHARP\LIBPXCCLR\BUILD\WIN32_DEBUG\LIBPXCCLR\PXCMAUDIO.OBJ
D:\INTEL\PCSDK\FRAMEWORK\CSHARP\LIBPXCCLR\BUILD\WIN32_DEBUG\LIBPXCCLR\PXCMBASE.OBJ
D:\INTEL\PCSDK\FRAMEWORK\CSHARP\LIBPXCCLR\BUILD\WIN32_DEBUG\LIBPXCCLR\PXCMCAPTURE.OBJ
D:\INTEL\PCSDK\FRAMEWORK\CSHARP\LIBPXCCLR\BUILD\WIN32_DEBUG\LIBPXCCLR\PXCMFACE.OBJ
D:\INTEL\PCSDK\FRAMEWORK\CSHARP\LIBPXCCLR\BUILD\WIN32_DEBUG\LIBPXCCLR\PXCMGESTURE.OBJ
D:\INTEL\PCSDK\FRAMEWORK\CSHARP\LIBPXCCLR\BUILD\WIN32_DEBUG\LIBPXCCLR\PXCMIMAGE.OBJ
D:\INTEL\PCSDK\FRAMEWORK\CSHARP\LIBPXCCLR\BUILD\WIN32_DEBUG\LIBPXCCLR\PXCMMETADATA.OBJ
D:\INTEL\PCSDK\FRAMEWORK\CSHARP\LIBPXCCLR\BUILD\WIN32_DEBUG\LIBPXCCLR\PXCMPOWERSTATE.OBJ
D:\INTEL\PCSDK\FRAMEWORK\CSHARP\LIBPXCCLR\BUILD\WIN32_DEBUG\LIBPXCCLR\PXCMPROJECTION.OBJ
D:\INTEL\PCSDK\FRAMEWORK\CSHARP\LIBPXCCLR\BUILD\WIN32_DEBUG\LIBPXCCLR\PXCMSCHEDULER.OBJ
D:\INTEL\PCSDK\FRAMEWORK\CSHARP\LIBPXCCLR\BUILD\WIN32_DEBUG\LIBPXCCLR\PXCMSEGMENTATION.OBJ
D:\INTEL\PCSDK\FRAMEWORK\CSHARP\LIBPXCCLR\BUILD\WIN32_DEBUG\LIBPXCCLR\PXCMSESSION.OBJ
D:\INTEL\PCSDK\FRAMEWORK\CSHARP\LIBPXCCLR\BUILD\WIN32_DEBUG\LIBPXCCLR\PXCMVOICE.OBJ
D:\Intel\PCSDK\framework\CSharp\libpxcclr\build\Win32_Debug\libpxcclr\rc.command.1.tlog
D:\Intel\PCSDK\framework\CSharp\libpxcclr\build\Win32_Debug\libpxcclr\rc.read.1.tlog
D:\Intel\PCSDK\framework\CSharp\libpxcclr\build\Win32_Debug\libpxcclr\rc.write.1.tlog
D:\Intel\PCSDK\framework\CSharp\libpxcclr\build\Win32_Debug\libpxcclr\RSAENH.DLL.bi
D:\Intel\PCSDK\framework\CSharp\libpxcclr\build\Win32_Debug\libpxcclr\TZRES.DLL.bi
D:\INTEL\PCSDK\FRAMEWORK\CSHARP\LIBPXCCLR\BUILD\WIN32_DEBUG\LIBPXCCLR\UTIL_CAPTURE.OBJ
D:\INTEL\PCSDK\FRAMEWORK\CSHARP\LIBPXCCLR\BUILD\WIN32_DEBUG\LIBPXCCLR\UTIL_CAPTURE_FILE.OBJ
D:\INTEL\PCSDK\FRAMEWORK\CSHARP\LIBPXCCLR\BUILD\WIN32_DEBUG\LIBPXCCLR\UTIL_CAPTUREIMPL.OBJ
D:\INTEL\PCSDK\FRAMEWORK\CSHARP\LIBPXCCLR\BUILD\WIN32_DEBUG\LIBPXCCLR\UTIL_PIPELINE_FACE.OBJ
D:\INTEL\PCSDK\FRAMEWORK\CSHARP\LIBPXCCLR\BUILD\WIN32_DEBUG\LIBPXCCLR\UTIL_PIPELINE_GESTURE.OBJ
D:\INTEL\PCSDK\FRAMEWORK\CSHARP\LIBPXCCLR\BUILD\WIN32_DEBUG\LIBPXCCLR\UTIL_PIPELINE_RAW.OBJ
D:\INTEL\PCSDK\FRAMEWORK\CSHARP\LIBPXCCLR\BUILD\WIN32_DEBUG\LIBPXCCLR\UTIL_PIPELINE_SEGMENTATION.OBJ
D:\INTEL\PCSDK\FRAMEWORK\CSHARP\LIBPXCCLR\BUILD\WIN32_DEBUG\LIBPXCCLR\UTIL_PIPELINE_VOICE.OBJ
D:\INTEL\PCSDK\FRAMEWORK\CSHARP\LIBPXCCLR\BUILD\WIN32_DEBUG\LIBPXCCLR\UTILM_CAPTURE.OBJ
D:\INTEL\PCSDK\FRAMEWORK\CSHARP\LIBPXCCLR\BUILD\WIN32_DEBUG\LIBPXCCLR\UTILM_CAPTURE_FILE.OBJ
D:\INTEL\PCSDK\FRAMEWORK\CSHARP\LIBPXCCLR\BUILD\WIN32_DEBUG\LIBPXCCLR\UTILM_PIPELINE.OBJ
D:\INTEL\PCSDK\FRAMEWORK\CSHARP\LIBPXCCLR\BUILD\WIN32_DEBUG\LIBPXCCLR\VC100.PDB
